<?xml version="1.0" encoding="UTF-8"?>
<Site BuildName="(empty)"
	BuildStamp="20250419-1628-Experimental"
	Name="(empty)"
	Generator="ctest-3.30.3"
	CompilerName=""
	CompilerVersion=""
	OSName="Linux"
	Hostname="b500b8173924"
	OSRelease="5.15.153.1-microsoft-standard-WSL2"
	OSVersion="#1 SMP Fri Mar 29 23:14:13 UTC 2024"
	OSPlatform="x86_64"
	Is64Bits="1"
	VendorString="AuthenticAMD"
	VendorID="Advanced Micro Devices"
	FamilyID="25"
	ModelID="80"
	ProcessorCacheSize="512"
	NumberOfLogicalCPU="12"
	NumberOfPhysicalCPU="6"
	TotalVirtualMemory="2048"
	TotalPhysicalMemory="7617"
	LogicalProcessorsPerPhysical="2"
	ProcessorClockFrequency="1996.2"
	>
	<Testing>
		<StartDateTime>Apr 19 16:32 UTC</StartDateTime>
		<StartTestTime>1745080379</StartTestTime>
		<TestList/>
		<EndDateTime>Apr 19 16:32 UTC</EndDateTime>
		<EndTestTime>1745080379</EndTestTime>
		<ElapsedMinutes>0</ElapsedMinutes>
	</Testing>
</Site>
